0 info it worked if it ends with ok
1 verbose cli [ '/Users/cw_okuno/.nodebrew/node/v5.0.0/bin/node',
1 verbose cli   '/Users/cw_okuno/.nodebrew/current/bin/npm',
1 verbose cli   'run',
1 verbose cli   'build' ]
2 info using npm@3.4.1
3 info using node@v5.0.0
4 verbose run-script [ 'prebuild', 'build', 'postbuild' ]
5 info lifecycle ng2-redux-example@0.0.0~prebuild: ng2-redux-example@0.0.0
6 silly lifecycle ng2-redux-example@0.0.0~prebuild: no script for prebuild, continuing
7 info lifecycle ng2-redux-example@0.0.0~build: ng2-redux-example@0.0.0
8 verbose lifecycle ng2-redux-example@0.0.0~build: unsafe-perm in lifecycle true
9 verbose lifecycle ng2-redux-example@0.0.0~build: PATH: /Users/cw_okuno/.nodebrew/node/v5.0.0/lib/node_modules/npm/bin/node-gyp-bin:/Users/cw_okuno/Source/comparing-ng2-redux-and-walts/examples/ng2-redux/node_modules/.bin:/usr/local/sbin:/Applications/Postgres.app/Contents/Versions/9.4/bin:/Users/cw_okuno/.nodebrew/current/bin:/usr/local/git/bin:/usr/local/bin:/sbin:/usr/sbin:/bin:/usr/bin:/usr/local/bin:/usr/bin:/bin:/usr/sbin:/sbin
10 verbose lifecycle ng2-redux-example@0.0.0~build: CWD: /Users/cw_okuno/Source/comparing-ng2-redux-and-walts/examples/ng2-redux
11 silly lifecycle ng2-redux-example@0.0.0~build: Args: [ '-c', 'npm run tsconfig && npm run tsc && npm run webpack' ]
12 silly lifecycle ng2-redux-example@0.0.0~build: Returned: code: 1  signal: null
13 info lifecycle ng2-redux-example@0.0.0~build: Failed to exec build script
14 verbose stack Error: ng2-redux-example@0.0.0 build: `npm run tsconfig && npm run tsc && npm run webpack`
14 verbose stack Exit status 1
14 verbose stack     at EventEmitter.<anonymous> (/Users/cw_okuno/.nodebrew/node/v5.0.0/lib/node_modules/npm/lib/utils/lifecycle.js:232:16)
14 verbose stack     at emitTwo (events.js:87:13)
14 verbose stack     at EventEmitter.emit (events.js:172:7)
14 verbose stack     at ChildProcess.<anonymous> (/Users/cw_okuno/.nodebrew/node/v5.0.0/lib/node_modules/npm/lib/utils/spawn.js:24:14)
14 verbose stack     at emitTwo (events.js:87:13)
14 verbose stack     at ChildProcess.emit (events.js:172:7)
14 verbose stack     at maybeClose (internal/child_process.js:818:16)
14 verbose stack     at Process.ChildProcess._handle.onexit (internal/child_process.js:211:5)
15 verbose pkgid ng2-redux-example@0.0.0
16 verbose cwd /Users/cw_okuno/Source/comparing-ng2-redux-and-walts/examples/ng2-redux
17 error Darwin 15.4.0
18 error argv "/Users/cw_okuno/.nodebrew/node/v5.0.0/bin/node" "/Users/cw_okuno/.nodebrew/current/bin/npm" "run" "build"
19 error node v5.0.0
20 error npm  v3.4.1
21 error code ELIFECYCLE
22 error ng2-redux-example@0.0.0 build: `npm run tsconfig && npm run tsc && npm run webpack`
22 error Exit status 1
23 error Failed at the ng2-redux-example@0.0.0 build script 'npm run tsconfig && npm run tsc && npm run webpack'.
23 error Make sure you have the latest version of node.js and npm installed.
23 error If you do, this is most likely a problem with the ng2-redux-example package,
23 error not with npm itself.
23 error Tell the author that this fails on your system:
23 error     npm run tsconfig && npm run tsc && npm run webpack
23 error You can get their info via:
23 error     npm owner ls ng2-redux-example
23 error There is likely additional logging output above.
24 verbose exit [ 1, true ]
